<?xml version="1.0" encoding="UTF-8"?>
<!-- Generated by org.testng.reporters.JUnitReportReporter -->
<testsuite hostname="admin-PC" failures="0" tests="3" name="testScripts.HomeTest" time="4.433" errors="0" timestamp="2024-01-08T15:01:01 IST" skipped="2">
  <testcase classname="testScripts.HomeTest" name="login" time="4.433">
    <system-out>
      <![CDATA[Login is successfully done]]>
    </system-out>
  </testcase> <!-- login -->
  <testcase classname="testScripts.HomeTest" name="MatchLoginText">
    <skipped/>
  </testcase> <!-- MatchLoginText -->
  <testcase classname="testScripts.HomeTest" name="PlayAdd">
    <skipped/>
  </testcase> <!-- PlayAdd -->
  <system-out>
    <![CDATA[connect to database
Before test
Before class
Login
Login is successfully done
Logout
After class
After test
close connection to database]]>
  </system-out>
</testsuite> <!-- testScripts.HomeTest -->
