<?xml version="1.0" encoding="UTF-8"?>
<!-- Generated by org.testng.reporters.JUnitReportReporter -->
<testsuite hostname="admin-PC" failures="0" tests="1" name="testScripts.LaptopTest" time="30.935" errors="0" timestamp="2024-01-08T15:02:44 IST" skipped="0">
  <testcase classname="testScripts.LaptopTest" name="SelectSonyvaioi5" time="30.935"/>
  <system-out>
    <![CDATA[connect to database
Before test
Before class
Login
Logout
After class
After test
close connection to database]]>
  </system-out>
</testsuite> <!-- testScripts.LaptopTest -->
