<?xml version="1.0" encoding="UTF-8"?>
<!-- Generated by org.testng.reporters.JUnitXMLReporter -->
<testsuite ignored="5" hostname="DESKTOP-28" failures="0" tests="1" name="Default test" time="46.631" errors="0" timestamp="2024-03-05T18:35:49 IST">
  <testcase classname="testScripts.LaptopTest" name="Sonyvaioi5" time="34.236"/>
  <testcase classname="testScripts.LaptopTest" name="MacBookairLaptop" time="0.0">
    <ignored/>
  </testcase> <!-- MacBookairLaptop -->
  <testcase classname="testScripts.LaptopTest" name="Delli78gbLaptop" time="0.0">
    <ignored/>
  </testcase> <!-- Delli78gbLaptop -->
  <testcase classname="testScripts.LaptopTest" name="MacBookProLaptop" time="0.0">
    <ignored/>
  </testcase> <!-- MacBookProLaptop -->
  <testcase classname="testScripts.LaptopTest" name="Sonyvaioi7" time="0.0">
    <ignored/>
  </testcase> <!-- Sonyvaioi7 -->
  <testcase classname="testScripts.LaptopTest" name="Dell156InchLaptop" time="0.0">
    <ignored/>
  </testcase> <!-- Dell156InchLaptop -->
</testsuite> <!-- Default test -->
