<?xml version="1.0" encoding="UTF-8"?>
<!-- Generated by org.testng.reporters.JUnitXMLReporter -->
<testsuite ignored="26" hostname="DESKTOP-28" failures="2" tests="2" name="Test" time="0.92" errors="0" timestamp="2024-02-28T16:40:29 IST">
  <testcase classname="testScripts.HomeTest" name="Login" time="0.255">
    <failure type="java.lang.NullPointerException" message="Cannot invoke &amp;quot;org.openqa.selenium.SearchContext.findElement(org.openqa.selenium.By)&amp;quot; because &amp;quot;this.searchContext&amp;quot; is null">
      <![CDATA[java.lang.NullPointerException: Cannot invoke "org.openqa.selenium.SearchContext.findElement(org.openqa.selenium.By)" because "this.searchContext" is null
at org.openqa.selenium.support.pagefactory.DefaultElementLocator.findElement(DefaultElementLocator.java:68)
at org.openqa.selenium.support.pagefactory.internal.LocatingElementHandler.invoke(LocatingElementHandler.java:38)
at jdk.proxy2/jdk.proxy2.$Proxy17.click(Unknown Source)
at testScripts.HomeTest.Login(HomeTest.java:52)
at java.base/java.util.ArrayList.forEach(ArrayList.java:1511)
... Removed 27 stack frames]]>
    </failure>
  </testcase> <!-- Login -->
  <testcase classname="testScripts.MonitorTest" name="Applemonitor24" time="0.032">
    <failure type="java.lang.NullPointerException" message="Cannot invoke &amp;quot;org.openqa.selenium.SearchContext.findElement(org.openqa.selenium.By)&amp;quot; because &amp;quot;this.searchContext&amp;quot; is null">
      <![CDATA[java.lang.NullPointerException: Cannot invoke "org.openqa.selenium.SearchContext.findElement(org.openqa.selenium.By)" because "this.searchContext" is null
at org.openqa.selenium.support.pagefactory.DefaultElementLocator.findElement(DefaultElementLocator.java:68)
at org.openqa.selenium.support.pagefactory.internal.LocatingElementHandler.invoke(LocatingElementHandler.java:38)
at jdk.proxy2/jdk.proxy2.$Proxy17.click(Unknown Source)
at testScripts.MonitorTest.Applemonitor24(MonitorTest.java:24)
at java.base/java.util.ArrayList.forEach(ArrayList.java:1511)
... Removed 27 stack frames]]>
    </failure>
  </testcase> <!-- Applemonitor24 -->
  <testcase classname="testScripts.LaptopTest" name="Delli78gbLaptop" time="0.0">
    <ignored/>
  </testcase> <!-- Delli78gbLaptop -->
  <testcase classname="testScripts.MobileTest" name="HTCOneM9" time="0.0">
    <ignored/>
  </testcase> <!-- HTCOneM9 -->
  <testcase classname="testScripts.HomeTest" name="PlayAdd" time="0.0">
    <ignored/>
  </testcase> <!-- PlayAdd -->
  <testcase classname="testScripts.MobileTest" name="Delli78gbLaptop" time="0.0">
    <ignored/>
  </testcase> <!-- Delli78gbLaptop -->
  <testcase classname="testScripts.HomeTest" name="ContactMessage" time="0.0">
    <ignored/>
  </testcase> <!-- ContactMessage -->
  <testcase classname="testScripts.MobileTest" name="Samsunggalaxys6" time="0.0">
    <ignored/>
  </testcase> <!-- Samsunggalaxys6 -->
  <testcase classname="testScripts.MobileTest" name="Sonyxperiaz5" time="0.0">
    <ignored/>
  </testcase> <!-- Sonyxperiaz5 -->
  <testcase classname="testScripts.LaptopTest" name="MacBookairLaptop" time="0.0">
    <ignored/>
  </testcase> <!-- MacBookairLaptop -->
  <testcase classname="testScripts.LaptopTest" name="MacBookProLaptop" time="0.0">
    <ignored/>
  </testcase> <!-- MacBookProLaptop -->
  <testcase classname="testScripts.MobileTest" name="Applemonitor24" time="0.0">
    <ignored/>
  </testcase> <!-- Applemonitor24 -->
  <testcase classname="testScripts.MobileTest" name="MacBookairLaptop" time="0.0">
    <ignored/>
  </testcase> <!-- MacBookairLaptop -->
  <testcase classname="testScripts.MobileTest" name="MacBookProLaptop" time="0.0">
    <ignored/>
  </testcase> <!-- MacBookProLaptop -->
  <testcase classname="testScripts.HomeTest" name="Signup" time="0.0">
    <ignored/>
  </testcase> <!-- Signup -->
  <testcase classname="testScripts.LaptopTest" name="Sonyvaioi5" time="0.0">
    <ignored/>
  </testcase> <!-- Sonyvaioi5 -->
  <testcase classname="testScripts.LaptopTest" name="Sonyvaioi7" time="0.0">
    <ignored/>
  </testcase> <!-- Sonyvaioi7 -->
  <testcase classname="testScripts.MobileTest" name="Sonyvaioi7" time="0.0">
    <ignored/>
  </testcase> <!-- Sonyvaioi7 -->
  <testcase classname="testScripts.MonitorTest" name="ASUSFullHD" time="0.0">
    <ignored/>
  </testcase> <!-- ASUSFullHD -->
  <testcase classname="testScripts.MobileTest" name="Nokialumia1520" time="0.0">
    <ignored/>
  </testcase> <!-- Nokialumia1520 -->
  <testcase classname="testScripts.MobileTest" name="Sonyvaioi5" time="0.0">
    <ignored/>
  </testcase> <!-- Sonyvaioi5 -->
  <testcase classname="testScripts.MobileTest" name="Nexus6" time="0.0">
    <ignored/>
  </testcase> <!-- Nexus6 -->
  <testcase classname="testScripts.MobileTest" name="Samsunggalaxys7" time="0.0">
    <ignored/>
  </testcase> <!-- Samsunggalaxys7 -->
  <testcase classname="testScripts.MobileTest" name="Dell156InchLaptop" time="0.0">
    <ignored/>
  </testcase> <!-- Dell156InchLaptop -->
  <testcase classname="testScripts.LaptopTest" name="Dell156InchLaptop" time="0.0">
    <ignored/>
  </testcase> <!-- Dell156InchLaptop -->
  <testcase classname="testScripts.HomeTest" name="MatchLoginText" time="0.0">
    <ignored/>
  </testcase> <!-- MatchLoginText -->
  <testcase classname="testScripts.MobileTest" name="ASUSFullHD" time="0.0">
    <ignored/>
  </testcase> <!-- ASUSFullHD -->
  <testcase classname="testScripts.MobileTest" name="Iphone632gb6" time="0.0">
    <ignored/>
  </testcase> <!-- Iphone632gb6 -->
</testsuite> <!-- Test -->
