<?xml version="1.0" encoding="UTF-8"?>
<!-- Generated by org.testng.reporters.JUnitXMLReporter -->
<testsuite ignored="5" hostname="admin-PC" failures="0" tests="1" name="Default test" time="43.432" errors="0" timestamp="2024-01-08T15:02:43 IST">
  <testcase classname="testScripts.LaptopTest" name="SelectSonyvaioi5" time="30.929"/>
  <testcase classname="testScripts.LaptopTest" name="SelectgetMacBookairLaptop" time="0.0">
    <ignored/>
  </testcase> <!-- SelectgetMacBookairLaptop -->
  <testcase classname="testScripts.LaptopTest" name="SelectDell156InchLaptop" time="0.0">
    <ignored/>
  </testcase> <!-- SelectDell156InchLaptop -->
  <testcase classname="testScripts.LaptopTest" name="SelectSonyvaioi7" time="0.0">
    <ignored/>
  </testcase> <!-- SelectSonyvaioi7 -->
  <testcase classname="testScripts.LaptopTest" name="SelectMacBookProLaptop" time="0.0">
    <ignored/>
  </testcase> <!-- SelectMacBookProLaptop -->
  <testcase classname="testScripts.LaptopTest" name="SelectDelli78gbLaptop" time="0.0">
    <ignored/>
  </testcase> <!-- SelectDelli78gbLaptop -->
</testsuite> <!-- Default test -->
